react_native_app/android/app/build/intermediates/manifest_merge_blame_file/debug/processDebugMainManifest/manifest-merger-blame-debug-report.txt
1<?xml version="1.0" encoding="utf-8"?>
2<manifest xmlns:android="http://schemas.android.com/apk/res/android"
3    package="com.tanuh.bcd"
4    android:versionCode="1"
5    android:versionName="1.0" >
6
7    <uses-sdk
8        android:minSdkVersion="24"
9        android:targetSdkVersion="34" />
10
11    <uses-permission android:name="android.permission.INTERNET" />
11-->src/main/AndroidManifest.xml:3:5-67
11-->src/main/AndroidManifest.xml:3:22-64
12    <uses-permission android:name="android.permission.ACCESS_NETWORK_STATE" />
12-->[:react-native-community_netinfo] AndroidManifest.xml:7:5-79
12-->[:react-native-community_netinfo] AndroidManifest.xml:7:22-76
13    <uses-permission android:name="android.permission.ACCESS_WIFI_STATE" />
13-->[:react-native-community_netinfo] AndroidManifest.xml:8:5-76
13-->[:react-native-community_netinfo] AndroidManifest.xml:8:22-73
14    <!--
15    This manifest file is used only by Gradle to configure debug-only capabilities
16    for React Native Apps.
17    -->
18    <uses-permission android:name="android.permission.SYSTEM_ALERT_WINDOW" />
18-->[com.facebook.react:react-android:0.76.9] AndroidManifest.xml:16:5-78
18-->[com.facebook.react:react-android:0.76.9] AndroidManifest.xml:16:22-75
19
20    <permission
20-->[androidx.core:core:1.9.0] AndroidManifest.xml:22:5-24:47
21        android:name="com.tanuh.bcd.DYNAMIC_RECEIVER_NOT_EXPORTED_PERMISSION"
21-->[androidx.core:core:1.9.0] AndroidManifest.xml:23:9-81
22        android:protectionLevel="signature" />
22-->[androidx.core:core:1.9.0] AndroidManifest.xml:24:9-44
23
24    <uses-permission android:name="com.tanuh.bcd.DYNAMIC_RECEIVER_NOT_EXPORTED_PERMISSION" />
24-->[androidx.core:core:1.9.0] AndroidManifest.xml:26:5-97
24-->[androidx.core:core:1.9.0] AndroidManifest.xml:26:22-94
25
26    <application
26-->src/main/AndroidManifest.xml:5:5-25:19
27        android:name="com.tanuh.bcd.MainApplication"
27-->src/main/AndroidManifest.xml:6:7-38
28        android:allowBackup="false"
28-->src/main/AndroidManifest.xml:10:7-34
29        android:appComponentFactory="androidx.core.app.CoreComponentFactory"
29-->[androidx.core:core:1.9.0] AndroidManifest.xml:28:18-86
30        android:debuggable="true"
31        android:extractNativeLibs="false"
32        android:icon="@mipmap/ic_launcher"
32-->src/main/AndroidManifest.xml:8:7-41
33        android:label="@string/app_name"
33-->src/main/AndroidManifest.xml:7:7-39
34        android:roundIcon="@mipmap/ic_launcher_round"
34-->src/main/AndroidManifest.xml:9:7-52
35        android:supportsRtl="true"
35-->src/main/AndroidManifest.xml:12:7-33
36        android:theme="@style/AppTheme"
36-->src/main/AndroidManifest.xml:11:7-38
37        android:usesCleartextTraffic="true" >
37-->src/debug/AndroidManifest.xml:6:9-44
38        <activity
38-->src/main/AndroidManifest.xml:13:7-24:18
39            android:name="com.tanuh.bcd.MainActivity"
39-->src/main/AndroidManifest.xml:14:9-37
40            android:configChanges="keyboard|keyboardHidden|orientation|screenLayout|screenSize|smallestScreenSize|uiMode"
40-->src/main/AndroidManifest.xml:16:9-118
41            android:exported="true"
41-->src/main/AndroidManifest.xml:19:9-32
42            android:label="@string/app_name"
42-->src/main/AndroidManifest.xml:15:9-41
43            android:launchMode="singleTask"
43-->src/main/AndroidManifest.xml:17:9-40
44            android:windowSoftInputMode="adjustResize" >
44-->src/main/AndroidManifest.xml:18:9-51
45            <intent-filter>
45-->src/main/AndroidManifest.xml:20:9-23:25
46                <action android:name="android.intent.action.MAIN" />
46-->src/main/AndroidManifest.xml:21:13-65
46-->src/main/AndroidManifest.xml:21:21-62
47
48                <category android:name="android.intent.category.LAUNCHER" />
48-->src/main/AndroidManifest.xml:22:13-73
48-->src/main/AndroidManifest.xml:22:23-70
49            </intent-filter>
50        </activity>
51
52        <provider
52-->[:react-native-image-picker] AndroidManifest.xml:8:9-16:20
53            android:name="com.imagepicker.ImagePickerProvider"
53-->[:react-native-image-picker] AndroidManifest.xml:9:13-63
54            android:authorities="com.tanuh.bcd.imagepickerprovider"
54-->[:react-native-image-picker] AndroidManifest.xml:10:13-71
55            android:exported="false"
55-->[:react-native-image-picker] AndroidManifest.xml:11:13-37
56            android:grantUriPermissions="true" >
56-->[:react-native-image-picker] AndroidManifest.xml:12:13-47
57            <meta-data
57-->[:react-native-image-picker] AndroidManifest.xml:13:13-15:70
58                android:name="android.support.FILE_PROVIDER_PATHS"
58-->[:react-native-image-picker] AndroidManifest.xml:14:17-67
59                android:resource="@xml/imagepicker_provider_paths" />
59-->[:react-native-image-picker] AndroidManifest.xml:15:17-67
60        </provider>
61
62        <activity
62-->[com.facebook.react:react-android:0.76.9] AndroidManifest.xml:19:9-21:40
63            android:name="com.facebook.react.devsupport.DevSettingsActivity"
63-->[com.facebook.react:react-android:0.76.9] AndroidManifest.xml:20:13-77
64            android:exported="false" />
64-->[com.facebook.react:react-android:0.76.9] AndroidManifest.xml:21:13-37
65
66        <provider
66-->[androidx.emoji2:emoji2:1.2.0] AndroidManifest.xml:24:9-32:20
67            android:name="androidx.startup.InitializationProvider"
67-->[androidx.emoji2:emoji2:1.2.0] AndroidManifest.xml:25:13-67
68            android:authorities="com.tanuh.bcd.androidx-startup"
68-->[androidx.emoji2:emoji2:1.2.0] AndroidManifest.xml:26:13-68
69            android:exported="false" >
69-->[androidx.emoji2:emoji2:1.2.0] AndroidManifest.xml:27:13-37
70            <meta-data
70-->[androidx.emoji2:emoji2:1.2.0] AndroidManifest.xml:29:13-31:52
71                android:name="androidx.emoji2.text.EmojiCompatInitializer"
71-->[androidx.emoji2:emoji2:1.2.0] AndroidManifest.xml:30:17-75
72                android:value="androidx.startup" />
72-->[androidx.emoji2:emoji2:1.2.0] AndroidManifest.xml:31:17-49
73            <meta-data
73-->[androidx.lifecycle:lifecycle-process:2.4.1] AndroidManifest.xml:31:13-33:52
74                android:name="androidx.lifecycle.ProcessLifecycleInitializer"
74-->[androidx.lifecycle:lifecycle-process:2.4.1] AndroidManifest.xml:32:17-78
75                android:value="androidx.startup" />
75-->[androidx.lifecycle:lifecycle-process:2.4.1] AndroidManifest.xml:33:17-49
76        </provider>
77
78        <meta-data
78-->[com.facebook.soloader:soloader:0.12.1] AndroidManifest.xml:12:9-14:37
79            android:name="com.facebook.soloader.enabled"
79-->[com.facebook.soloader:soloader:0.12.1] AndroidManifest.xml:13:13-57
80            android:value="false" />
80-->[com.facebook.soloader:soloader:0.12.1] AndroidManifest.xml:14:13-34
81    </application>
82
83</manifest>